{"F:\\WITS-WORK\\Harvest\\frontend\\src\\components\\graphs-list.js": {"path":"F:\\WITS-WORK\\Harvest\\frontend\\src\\components\\graphs-list.js","statementMap":{"0":{"start":{"line":18,"column":30},"end":{"line":18,"column":47}},"1":{"start":{"line":19,"column":28},"end":{"line":19,"column":46}},"2":{"start":{"line":20,"column":38},"end":{"line":20,"column":58}},"3":{"start":{"line":57,"column":4},"end":{"line":88,"column":6}}},"fnMap":{"0":{"name":"ShowGraphs","decl":{"start":{"line":17,"column":24},"end":{"line":17,"column":34}},"loc":{"start":{"line":17,"column":37},"end":{"line":89,"column":1}},"line":17}},"branchMap":{"0":{"loc":{"start":{"line":59,"column":13},"end":{"line":86,"column":13}},"type":"cond-expr","locations":[{"start":{"line":60,"column":16},"end":{"line":60,"column":34}},{"start":{"line":62,"column":16},"end":{"line":85,"column":22}}],"line":59}},"s":{"0":1,"1":1,"2":1,"3":1},"f":{"0":1},"b":{"0":[1,0]},"_coverageSchema":"1a1c01bbd47fc00a2c39e90264f33305004495a9","hash":"4d03da410005e7f3013fe1f985c0f0c9452a66c4"}
,"F:\\WITS-WORK\\Harvest\\frontend\\src\\components\\logs-table.js": {"path":"F:\\WITS-WORK\\Harvest\\frontend\\src\\components\\logs-table.js","statementMap":{"0":{"start":{"line":12,"column":16},"end":{"line":20,"column":1}},"1":{"start":{"line":23,"column":18},"end":{"line":111,"column":1}},"2":{"start":{"line":24,"column":26},"end":{"line":24,"column":44}},"3":{"start":{"line":25,"column":26},"end":{"line":25,"column":43}},"4":{"start":{"line":26,"column":40},"end":{"line":26,"column":58}},"5":{"start":{"line":34,"column":23},"end":{"line":44,"column":3}},"6":{"start":{"line":35,"column":18},"end":{"line":35,"column":19}},"7":{"start":{"line":36,"column":4},"end":{"line":43,"column":9}},"8":{"start":{"line":38,"column":8},"end":{"line":38,"column":40}},"9":{"start":{"line":39,"column":8},"end":{"line":39,"column":36}},"10":{"start":{"line":42,"column":8},"end":{"line":42,"column":23}},"11":{"start":{"line":47,"column":22},"end":{"line":47,"column":55}},"12":{"start":{"line":47,"column":31},"end":{"line":47,"column":55}},"13":{"start":{"line":48,"column":21},"end":{"line":48,"column":48}},"14":{"start":{"line":62,"column":2},"end":{"line":110,"column":4}},"15":{"start":{"line":69,"column":16},"end":{"line":75,"column":28}}},"fnMap":{"0":{"name":"(anonymous_0)","decl":{"start":{"line":23,"column":18},"end":{"line":23,"column":19}},"loc":{"start":{"line":23,"column":27},"end":{"line":111,"column":1}},"line":23},"1":{"name":"(anonymous_1)","decl":{"start":{"line":34,"column":23},"end":{"line":34,"column":24}},"loc":{"start":{"line":34,"column":29},"end":{"line":44,"column":3}},"line":34},"2":{"name":"(anonymous_2)","decl":{"start":{"line":37,"column":12},"end":{"line":37,"column":13}},"loc":{"start":{"line":37,"column":24},"end":{"line":40,"column":7}},"line":37},"3":{"name":"(anonymous_3)","decl":{"start":{"line":41,"column":13},"end":{"line":41,"column":14}},"loc":{"start":{"line":41,"column":18},"end":{"line":43,"column":7}},"line":41},"4":{"name":"(anonymous_4)","decl":{"start":{"line":47,"column":22},"end":{"line":47,"column":23}},"loc":{"start":{"line":47,"column":31},"end":{"line":47,"column":55}},"line":47},"5":{"name":"(anonymous_5)","decl":{"start":{"line":68,"column":27},"end":{"line":68,"column":28}},"loc":{"start":{"line":69,"column":16},"end":{"line":75,"column":28}},"line":69},"6":{"name":"(anonymous_6)","decl":{"start":{"line":82,"column":19},"end":{"line":82,"column":20}},"loc":{"start":{"line":82,"column":28},"end":{"line":96,"column":15}},"line":82}},"branchMap":{"0":{"loc":{"start":{"line":47,"column":31},"end":{"line":47,"column":55}},"type":"cond-expr","locations":[{"start":{"line":47,"column":51},"end":{"line":47,"column":52}},{"start":{"line":47,"column":53},"end":{"line":47,"column":55}}],"line":47}},"s":{"0":2,"1":2,"2":1,"3":1,"4":1,"5":1,"6":1,"7":1,"8":0,"9":0,"10":0,"11":1,"12":0,"13":1,"14":1,"15":7},"f":{"0":1,"1":1,"2":0,"3":0,"4":0,"5":7,"6":0},"b":{"0":[0,0]},"_coverageSchema":"1a1c01bbd47fc00a2c39e90264f33305004495a9","hash":"c12bb791cecfdaa7594b8bc8d2fec75f113415de"}
,"F:\\WITS-WORK\\Harvest\\frontend\\src\\components\\orgs-card.js": {"path":"F:\\WITS-WORK\\Harvest\\frontend\\src\\components\\orgs-card.js","statementMap":{"0":{"start":{"line":14,"column":17},"end":{"line":64,"column":1}},"1":{"start":{"line":16,"column":32},"end":{"line":16,"column":52}},"2":{"start":{"line":17,"column":43},"end":{"line":17,"column":63}},"3":{"start":{"line":18,"column":36},"end":{"line":18,"column":60}},"4":{"start":{"line":21,"column":2},"end":{"line":63,"column":4}}},"fnMap":{"0":{"name":"(anonymous_0)","decl":{"start":{"line":14,"column":17},"end":{"line":14,"column":18}},"loc":{"start":{"line":14,"column":26},"end":{"line":64,"column":1}},"line":14}},"branchMap":{"0":{"loc":{"start":{"line":26,"column":31},"end":{"line":26,"column":60}},"type":"cond-expr","locations":[{"start":{"line":26,"column":44},"end":{"line":26,"column":51}},{"start":{"line":26,"column":54},"end":{"line":26,"column":60}}],"line":26},"1":{"loc":{"start":{"line":29,"column":9},"end":{"line":29,"column":53}},"type":"cond-expr","locations":[{"start":{"line":29,"column":22},"end":{"line":29,"column":36}},{"start":{"line":29,"column":39},"end":{"line":29,"column":53}}],"line":29}},"s":{"0":3,"1":1,"2":1,"3":1,"4":1},"f":{"0":1},"b":{"0":[0,1],"1":[0,1]},"_coverageSchema":"1a1c01bbd47fc00a2c39e90264f33305004495a9","hash":"93e9a05b9c16a4e22ff2b02f5538138f006f13c8"}
,"F:\\WITS-WORK\\Harvest\\frontend\\src\\components\\orgs-list.js": {"path":"F:\\WITS-WORK\\Harvest\\frontend\\src\\components\\orgs-list.js","statementMap":{"0":{"start":{"line":8,"column":17},"end":{"line":46,"column":1}},"1":{"start":{"line":9,"column":28},"end":{"line":9,"column":40}},"2":{"start":{"line":13,"column":4},"end":{"line":15,"column":10}},"3":{"start":{"line":14,"column":8},"end":{"line":14,"column":23}},"4":{"start":{"line":16,"column":25},"end":{"line":25,"column":5}},"5":{"start":{"line":17,"column":8},"end":{"line":24,"column":15}},"6":{"start":{"line":19,"column":16},"end":{"line":19,"column":48}},"7":{"start":{"line":20,"column":16},"end":{"line":20,"column":44}},"8":{"start":{"line":23,"column":16},"end":{"line":23,"column":31}},"9":{"start":{"line":28,"column":4},"end":{"line":45,"column":5}},"10":{"start":{"line":37,"column":20},"end":{"line":41,"column":21}}},"fnMap":{"0":{"name":"(anonymous_0)","decl":{"start":{"line":8,"column":17},"end":{"line":8,"column":18}},"loc":{"start":{"line":8,"column":26},"end":{"line":46,"column":1}},"line":8},"1":{"name":"(anonymous_1)","decl":{"start":{"line":13,"column":20},"end":{"line":13,"column":21}},"loc":{"start":{"line":13,"column":26},"end":{"line":15,"column":5}},"line":13},"2":{"name":"(anonymous_2)","decl":{"start":{"line":16,"column":25},"end":{"line":16,"column":26}},"loc":{"start":{"line":16,"column":31},"end":{"line":25,"column":5}},"line":16},"3":{"name":"(anonymous_3)","decl":{"start":{"line":18,"column":18},"end":{"line":18,"column":19}},"loc":{"start":{"line":18,"column":30},"end":{"line":21,"column":13}},"line":18},"4":{"name":"(anonymous_4)","decl":{"start":{"line":22,"column":19},"end":{"line":22,"column":20}},"loc":{"start":{"line":22,"column":24},"end":{"line":24,"column":13}},"line":22},"5":{"name":"(anonymous_5)","decl":{"start":{"line":36,"column":26},"end":{"line":36,"column":27}},"loc":{"start":{"line":36,"column":35},"end":{"line":42,"column":17}},"line":36}},"branchMap":{},"s":{"0":2,"1":2,"2":2,"3":2,"4":2,"5":2,"6":0,"7":0,"8":0,"9":2,"10":0},"f":{"0":2,"1":2,"2":2,"3":0,"4":0,"5":0},"b":{},"_coverageSchema":"1a1c01bbd47fc00a2c39e90264f33305004495a9","hash":"4b09b7230e0bb25f2c7b5bc4371aa89072dbc7e4"}
,"F:\\WITS-WORK\\Harvest\\frontend\\src\\components\\filters\\filters.js": {"path":"F:\\WITS-WORK\\Harvest\\frontend\\src\\components\\filters\\filters.js","statementMap":{"0":{"start":{"line":2,"column":4},"end":{"line":4,"column":5}},"1":{"start":{"line":3,"column":8},"end":{"line":3,"column":35}},"2":{"start":{"line":6,"column":25},"end":{"line":6,"column":41}},"3":{"start":{"line":7,"column":20},"end":{"line":7,"column":87}},"4":{"start":{"line":9,"column":4},"end":{"line":9,"column":20}},"5":{"start":{"line":13,"column":4},"end":{"line":15,"column":5}},"6":{"start":{"line":14,"column":8},"end":{"line":14,"column":35}},"7":{"start":{"line":17,"column":23},"end":{"line":17,"column":37}},"8":{"start":{"line":18,"column":18},"end":{"line":18,"column":79}},"9":{"start":{"line":20,"column":4},"end":{"line":20,"column":18}},"10":{"start":{"line":24,"column":23},"end":{"line":24,"column":25}},"11":{"start":{"line":25,"column":20},"end":{"line":25,"column":39}},"12":{"start":{"line":26,"column":18},"end":{"line":26,"column":33}},"13":{"start":{"line":28,"column":4},"end":{"line":35,"column":5}},"14":{"start":{"line":28,"column":16},"end":{"line":28,"column":17}},"15":{"start":{"line":29,"column":22},"end":{"line":29,"column":29}},"16":{"start":{"line":30,"column":23},"end":{"line":30,"column":45}},"17":{"start":{"line":32,"column":8},"end":{"line":34,"column":9}},"18":{"start":{"line":33,"column":12},"end":{"line":33,"column":38}},"19":{"start":{"line":36,"column":4},"end":{"line":36,"column":23}},"20":{"start":{"line":40,"column":23},"end":{"line":40,"column":25}},"21":{"start":{"line":42,"column":4},"end":{"line":48,"column":5}},"22":{"start":{"line":42,"column":16},"end":{"line":42,"column":17}},"23":{"start":{"line":43,"column":22},"end":{"line":43,"column":29}},"24":{"start":{"line":44,"column":26},"end":{"line":44,"column":41}},"25":{"start":{"line":45,"column":8},"end":{"line":47,"column":9}},"26":{"start":{"line":46,"column":12},"end":{"line":46,"column":38}},"27":{"start":{"line":50,"column":4},"end":{"line":50,"column":23}},"28":{"start":{"line":54,"column":23},"end":{"line":54,"column":25}},"29":{"start":{"line":56,"column":4},"end":{"line":62,"column":5}},"30":{"start":{"line":56,"column":16},"end":{"line":56,"column":17}},"31":{"start":{"line":57,"column":22},"end":{"line":57,"column":29}},"32":{"start":{"line":58,"column":23},"end":{"line":58,"column":35}},"33":{"start":{"line":59,"column":8},"end":{"line":61,"column":9}},"34":{"start":{"line":60,"column":12},"end":{"line":60,"column":38}},"35":{"start":{"line":64,"column":4},"end":{"line":64,"column":23}},"36":{"start":{"line":68,"column":23},"end":{"line":68,"column":25}},"37":{"start":{"line":70,"column":4},"end":{"line":76,"column":5}},"38":{"start":{"line":70,"column":16},"end":{"line":70,"column":17}},"39":{"start":{"line":71,"column":22},"end":{"line":71,"column":29}},"40":{"start":{"line":72,"column":27},"end":{"line":72,"column":43}},"41":{"start":{"line":73,"column":8},"end":{"line":75,"column":9}},"42":{"start":{"line":74,"column":12},"end":{"line":74,"column":38}},"43":{"start":{"line":78,"column":4},"end":{"line":78,"column":23}}},"fnMap":{"0":{"name":"getStartDate","decl":{"start":{"line":1,"column":9},"end":{"line":1,"column":21}},"loc":{"start":{"line":1,"column":28},"end":{"line":10,"column":1}},"line":1},"1":{"name":"getEndDate","decl":{"start":{"line":12,"column":9},"end":{"line":12,"column":19}},"loc":{"start":{"line":12,"column":24},"end":{"line":21,"column":1}},"line":12},"2":{"name":"filterByDate","decl":{"start":{"line":23,"column":16},"end":{"line":23,"column":28}},"loc":{"start":{"line":23,"column":46},"end":{"line":37,"column":1}},"line":23},"3":{"name":"filterByFood","decl":{"start":{"line":39,"column":16},"end":{"line":39,"column":28}},"loc":{"start":{"line":39,"column":51},"end":{"line":51,"column":1}},"line":39},"4":{"name":"filterByType","decl":{"start":{"line":53,"column":16},"end":{"line":53,"column":28}},"loc":{"start":{"line":53,"column":48},"end":{"line":65,"column":1}},"line":53},"5":{"name":"filterByCategory","decl":{"start":{"line":67,"column":16},"end":{"line":67,"column":32}},"loc":{"start":{"line":67,"column":55},"end":{"line":79,"column":1}},"line":67}},"branchMap":{"0":{"loc":{"start":{"line":2,"column":4},"end":{"line":4,"column":5}},"type":"if","locations":[{"start":{"line":2,"column":4},"end":{"line":4,"column":5}},{"start":{},"end":{}}],"line":2},"1":{"loc":{"start":{"line":13,"column":4},"end":{"line":15,"column":5}},"type":"if","locations":[{"start":{"line":13,"column":4},"end":{"line":15,"column":5}},{"start":{},"end":{}}],"line":13},"2":{"loc":{"start":{"line":32,"column":8},"end":{"line":34,"column":9}},"type":"if","locations":[{"start":{"line":32,"column":8},"end":{"line":34,"column":9}},{"start":{},"end":{}}],"line":32},"3":{"loc":{"start":{"line":32,"column":11},"end":{"line":32,"column":57}},"type":"binary-expr","locations":[{"start":{"line":32,"column":11},"end":{"line":32,"column":31}},{"start":{"line":32,"column":35},"end":{"line":32,"column":57}}],"line":32},"4":{"loc":{"start":{"line":45,"column":8},"end":{"line":47,"column":9}},"type":"if","locations":[{"start":{"line":45,"column":8},"end":{"line":47,"column":9}},{"start":{},"end":{}}],"line":45},"5":{"loc":{"start":{"line":59,"column":8},"end":{"line":61,"column":9}},"type":"if","locations":[{"start":{"line":59,"column":8},"end":{"line":61,"column":9}},{"start":{},"end":{}}],"line":59},"6":{"loc":{"start":{"line":73,"column":8},"end":{"line":75,"column":9}},"type":"if","locations":[{"start":{"line":73,"column":8},"end":{"line":75,"column":9}},{"start":{},"end":{}}],"line":73}},"s":{"0":3,"1":1,"2":2,"3":2,"4":2,"5":3,"6":1,"7":2,"8":2,"9":2,"10":3,"11":3,"12":3,"13":3,"14":3,"15":9,"16":9,"17":9,"18":7,"19":3,"20":3,"21":3,"22":3,"23":9,"24":9,"25":9,"26":3,"27":3,"28":3,"29":3,"30":3,"31":9,"32":9,"33":9,"34":3,"35":3,"36":3,"37":3,"38":3,"39":9,"40":9,"41":9,"42":3,"43":3},"f":{"0":3,"1":3,"2":3,"3":3,"4":3,"5":3},"b":{"0":[1,2],"1":[1,2],"2":[7,2],"3":[9,9],"4":[3,6],"5":[3,6],"6":[3,6]},"_coverageSchema":"1a1c01bbd47fc00a2c39e90264f33305004495a9","hash":"7e4829dcde1f84b2701c0da3b2e02658ec66bfa9"}
}
