{"C:\\Users\\matth\\Documents\\Git repos\\Harvest\\frontend\\src\\components\\graphs-list.js": {"path":"C:\\Users\\matth\\Documents\\Git repos\\Harvest\\frontend\\src\\components\\graphs-list.js","statementMap":{"0":{"start":{"line":18,"column":30},"end":{"line":18,"column":47}},"1":{"start":{"line":19,"column":28},"end":{"line":19,"column":46}},"2":{"start":{"line":20,"column":38},"end":{"line":20,"column":58}},"3":{"start":{"line":46,"column":25},"end":{"line":48,"column":5}},"4":{"start":{"line":47,"column":8},"end":{"line":47,"column":27}},"5":{"start":{"line":51,"column":4},"end":{"line":84,"column":6}}},"fnMap":{"0":{"name":"ShowGraphs","decl":{"start":{"line":17,"column":24},"end":{"line":17,"column":34}},"loc":{"start":{"line":17,"column":37},"end":{"line":85,"column":1}},"line":17},"1":{"name":"(anonymous_1)","decl":{"start":{"line":46,"column":25},"end":{"line":46,"column":26}},"loc":{"start":{"line":46,"column":46},"end":{"line":48,"column":5}},"line":46}},"branchMap":{"0":{"loc":{"start":{"line":53,"column":13},"end":{"line":82,"column":13}},"type":"cond-expr","locations":[{"start":{"line":54,"column":16},"end":{"line":54,"column":34}},{"start":{"line":56,"column":16},"end":{"line":81,"column":22}}],"line":53}},"s":{"0":1,"1":1,"2":1,"3":1,"4":0,"5":1},"f":{"0":1,"1":0},"b":{"0":[1,0]},"_coverageSchema":"1a1c01bbd47fc00a2c39e90264f33305004495a9","hash":"54a4f07f68499fda76b44f3bdf7876797e0c89c9"}
,"C:\\Users\\matth\\Documents\\Git repos\\Harvest\\frontend\\src\\components\\logs-add-log.js": {"path":"C:\\Users\\matth\\Documents\\Git repos\\Harvest\\frontend\\src\\components\\logs-add-log.js","statementMap":{"0":{"start":{"line":8,"column":14},"end":{"line":21,"column":1}},"1":{"start":{"line":23,"column":16},"end":{"line":36,"column":1}},"2":{"start":{"line":39,"column":19},"end":{"line":45,"column":1}},"3":{"start":{"line":40,"column":15},"end":{"line":40,"column":25}},"4":{"start":{"line":41,"column":12},"end":{"line":41,"column":26}},"5":{"start":{"line":42,"column":14},"end":{"line":42,"column":33}},"6":{"start":{"line":43,"column":13},"end":{"line":43,"column":31}},"7":{"start":{"line":44,"column":2},"end":{"line":44,"column":127}},"8":{"start":{"line":48,"column":19},"end":{"line":195,"column":1}},"9":{"start":{"line":49,"column":24},"end":{"line":49,"column":44}},"10":{"start":{"line":50,"column":38},"end":{"line":50,"column":57}},"11":{"start":{"line":51,"column":42},"end":{"line":51,"column":58}},"12":{"start":{"line":52,"column":48},"end":{"line":52,"column":64}},"13":{"start":{"line":53,"column":47},"end":{"line":53,"column":59}},"14":{"start":{"line":54,"column":32},"end":{"line":54,"column":43}},"15":{"start":{"line":55,"column":41},"end":{"line":55,"column":52}},"16":{"start":{"line":56,"column":34},"end":{"line":56,"column":66}},"17":{"start":{"line":57,"column":41},"end":{"line":57,"column":52}},"18":{"start":{"line":60,"column":22},"end":{"line":69,"column":3}},"19":{"start":{"line":61,"column":4},"end":{"line":68,"column":5}},"20":{"start":{"line":72,"column":19},"end":{"line":89,"column":3}},"21":{"start":{"line":73,"column":15},"end":{"line":80,"column":5}},"22":{"start":{"line":81,"column":4},"end":{"line":87,"column":11}},"23":{"start":{"line":83,"column":10},"end":{"line":83,"column":37}},"24":{"start":{"line":86,"column":10},"end":{"line":86,"column":25}},"25":{"start":{"line":88,"column":4},"end":{"line":88,"column":35}},"26":{"start":{"line":91,"column":2},"end":{"line":194,"column":4}},"27":{"start":{"line":104,"column":27},"end":{"line":104,"column":72}},"28":{"start":{"line":116,"column":27},"end":{"line":116,"column":54}},"29":{"start":{"line":120,"column":14},"end":{"line":122,"column":25}},"30":{"start":{"line":132,"column":27},"end":{"line":132,"column":57}},"31":{"start":{"line":136,"column":14},"end":{"line":138,"column":25}},"32":{"start":{"line":149,"column":27},"end":{"line":149,"column":63}},"33":{"start":{"line":165,"column":27},"end":{"line":165,"column":70}},"34":{"start":{"line":178,"column":27},"end":{"line":178,"column":57}},"35":{"start":{"line":182,"column":77},"end":{"line":182,"column":88}}},"fnMap":{"0":{"name":"(anonymous_0)","decl":{"start":{"line":39,"column":19},"end":{"line":39,"column":20}},"loc":{"start":{"line":39,"column":35},"end":{"line":45,"column":1}},"line":39},"1":{"name":"(anonymous_1)","decl":{"start":{"line":48,"column":19},"end":{"line":48,"column":20}},"loc":{"start":{"line":48,"column":28},"end":{"line":195,"column":1}},"line":48},"2":{"name":"(anonymous_2)","decl":{"start":{"line":60,"column":22},"end":{"line":60,"column":23}},"loc":{"start":{"line":60,"column":27},"end":{"line":69,"column":3}},"line":60},"3":{"name":"(anonymous_3)","decl":{"start":{"line":72,"column":19},"end":{"line":72,"column":20}},"loc":{"start":{"line":72,"column":24},"end":{"line":89,"column":3}},"line":72},"4":{"name":"(anonymous_4)","decl":{"start":{"line":82,"column":14},"end":{"line":82,"column":15}},"loc":{"start":{"line":82,"column":26},"end":{"line":84,"column":9}},"line":82},"5":{"name":"(anonymous_5)","decl":{"start":{"line":85,"column":15},"end":{"line":85,"column":16}},"loc":{"start":{"line":85,"column":20},"end":{"line":87,"column":9}},"line":85},"6":{"name":"(anonymous_6)","decl":{"start":{"line":104,"column":22},"end":{"line":104,"column":23}},"loc":{"start":{"line":104,"column":27},"end":{"line":104,"column":72}},"line":104},"7":{"name":"(anonymous_7)","decl":{"start":{"line":116,"column":22},"end":{"line":116,"column":23}},"loc":{"start":{"line":116,"column":27},"end":{"line":116,"column":54}},"line":116},"8":{"name":"(anonymous_8)","decl":{"start":{"line":119,"column":23},"end":{"line":119,"column":24}},"loc":{"start":{"line":120,"column":14},"end":{"line":122,"column":25}},"line":120},"9":{"name":"(anonymous_9)","decl":{"start":{"line":132,"column":22},"end":{"line":132,"column":23}},"loc":{"start":{"line":132,"column":27},"end":{"line":132,"column":57}},"line":132},"10":{"name":"(anonymous_10)","decl":{"start":{"line":135,"column":25},"end":{"line":135,"column":26}},"loc":{"start":{"line":136,"column":14},"end":{"line":138,"column":25}},"line":136},"11":{"name":"(anonymous_11)","decl":{"start":{"line":149,"column":22},"end":{"line":149,"column":23}},"loc":{"start":{"line":149,"column":27},"end":{"line":149,"column":63}},"line":149},"12":{"name":"(anonymous_12)","decl":{"start":{"line":165,"column":22},"end":{"line":165,"column":23}},"loc":{"start":{"line":165,"column":27},"end":{"line":165,"column":70}},"line":165},"13":{"name":"(anonymous_13)","decl":{"start":{"line":178,"column":22},"end":{"line":178,"column":23}},"loc":{"start":{"line":178,"column":27},"end":{"line":178,"column":57}},"line":178},"14":{"name":"(anonymous_14)","decl":{"start":{"line":182,"column":72},"end":{"line":182,"column":73}},"loc":{"start":{"line":182,"column":76},"end":{"line":182,"column":89}},"line":182}},"branchMap":{"0":{"loc":{"start":{"line":44,"column":23},"end":{"line":44,"column":72}},"type":"cond-expr","locations":[{"start":{"line":44,"column":53},"end":{"line":44,"column":64}},{"start":{"line":44,"column":67},"end":{"line":44,"column":72}}],"line":44},"1":{"loc":{"start":{"line":44,"column":83},"end":{"line":44,"column":126}},"type":"cond-expr","locations":[{"start":{"line":44,"column":111},"end":{"line":44,"column":120}},{"start":{"line":44,"column":123},"end":{"line":44,"column":126}}],"line":44},"2":{"loc":{"start":{"line":62,"column":7},"end":{"line":67,"column":19}},"type":"binary-expr","locations":[{"start":{"line":62,"column":7},"end":{"line":62,"column":33}},{"start":{"line":63,"column":6},"end":{"line":63,"column":34}},{"start":{"line":64,"column":6},"end":{"line":64,"column":30}},{"start":{"line":65,"column":6},"end":{"line":65,"column":18}},{"start":{"line":66,"column":6},"end":{"line":66,"column":22}},{"start":{"line":67,"column":6},"end":{"line":67,"column":19}}],"line":62}},"s":{"0":2,"1":2,"2":2,"3":1,"4":1,"5":1,"6":1,"7":1,"8":2,"9":1,"10":1,"11":1,"12":1,"13":1,"14":1,"15":1,"16":1,"17":1,"18":1,"19":1,"20":1,"21":0,"22":0,"23":0,"24":0,"25":0,"26":1,"27":0,"28":0,"29":4,"30":0,"31":4,"32":0,"33":0,"34":0,"35":0},"f":{"0":1,"1":1,"2":1,"3":0,"4":0,"5":0,"6":0,"7":0,"8":4,"9":0,"10":4,"11":0,"12":0,"13":0,"14":0},"b":{"0":[1,0],"1":[0,1],"2":[1,0,0,0,0,0]},"_coverageSchema":"1a1c01bbd47fc00a2c39e90264f33305004495a9","hash":"3279df5c736cbd00d316c7aea2e4638920848102"}
,"C:\\Users\\matth\\Documents\\Git repos\\Harvest\\frontend\\src\\components\\logs-table.js": {"path":"C:\\Users\\matth\\Documents\\Git repos\\Harvest\\frontend\\src\\components\\logs-table.js","statementMap":{"0":{"start":{"line":12,"column":16},"end":{"line":20,"column":1}},"1":{"start":{"line":23,"column":18},"end":{"line":107,"column":1}},"2":{"start":{"line":24,"column":26},"end":{"line":24,"column":44}},"3":{"start":{"line":25,"column":26},"end":{"line":25,"column":43}},"4":{"start":{"line":26,"column":40},"end":{"line":26,"column":58}},"5":{"start":{"line":30,"column":2},"end":{"line":32,"column":8}},"6":{"start":{"line":31,"column":4},"end":{"line":31,"column":19}},"7":{"start":{"line":33,"column":23},"end":{"line":43,"column":3}},"8":{"start":{"line":34,"column":18},"end":{"line":34,"column":19}},"9":{"start":{"line":35,"column":4},"end":{"line":42,"column":9}},"10":{"start":{"line":37,"column":8},"end":{"line":37,"column":40}},"11":{"start":{"line":38,"column":8},"end":{"line":38,"column":36}},"12":{"start":{"line":41,"column":8},"end":{"line":41,"column":23}},"13":{"start":{"line":46,"column":22},"end":{"line":46,"column":55}},"14":{"start":{"line":46,"column":31},"end":{"line":46,"column":55}},"15":{"start":{"line":47,"column":21},"end":{"line":47,"column":48}},"16":{"start":{"line":49,"column":27},"end":{"line":51,"column":3}},"17":{"start":{"line":50,"column":4},"end":{"line":50,"column":21}},"18":{"start":{"line":54,"column":34},"end":{"line":57,"column":3}},"19":{"start":{"line":55,"column":4},"end":{"line":55,"column":40}},"20":{"start":{"line":56,"column":4},"end":{"line":56,"column":15}},"21":{"start":{"line":59,"column":2},"end":{"line":106,"column":4}},"22":{"start":{"line":66,"column":16},"end":{"line":72,"column":28}},"23":{"start":{"line":80,"column":16},"end":{"line":91,"column":18}},"24":{"start":{"line":83,"column":36},"end":{"line":83,"column":50}},"25":{"start":{"line":84,"column":22},"end":{"line":88,"column":24}}},"fnMap":{"0":{"name":"(anonymous_0)","decl":{"start":{"line":23,"column":18},"end":{"line":23,"column":19}},"loc":{"start":{"line":23,"column":27},"end":{"line":107,"column":1}},"line":23},"1":{"name":"(anonymous_1)","decl":{"start":{"line":30,"column":18},"end":{"line":30,"column":19}},"loc":{"start":{"line":30,"column":24},"end":{"line":32,"column":3}},"line":30},"2":{"name":"(anonymous_2)","decl":{"start":{"line":33,"column":23},"end":{"line":33,"column":24}},"loc":{"start":{"line":33,"column":29},"end":{"line":43,"column":3}},"line":33},"3":{"name":"(anonymous_3)","decl":{"start":{"line":36,"column":12},"end":{"line":36,"column":13}},"loc":{"start":{"line":36,"column":24},"end":{"line":39,"column":7}},"line":36},"4":{"name":"(anonymous_4)","decl":{"start":{"line":40,"column":13},"end":{"line":40,"column":14}},"loc":{"start":{"line":40,"column":18},"end":{"line":42,"column":7}},"line":40},"5":{"name":"(anonymous_5)","decl":{"start":{"line":46,"column":22},"end":{"line":46,"column":23}},"loc":{"start":{"line":46,"column":31},"end":{"line":46,"column":55}},"line":46},"6":{"name":"(anonymous_6)","decl":{"start":{"line":49,"column":27},"end":{"line":49,"column":28}},"loc":{"start":{"line":49,"column":47},"end":{"line":51,"column":3}},"line":49},"7":{"name":"(anonymous_7)","decl":{"start":{"line":54,"column":34},"end":{"line":54,"column":35}},"loc":{"start":{"line":54,"column":45},"end":{"line":57,"column":3}},"line":54},"8":{"name":"(anonymous_8)","decl":{"start":{"line":65,"column":27},"end":{"line":65,"column":28}},"loc":{"start":{"line":66,"column":16},"end":{"line":72,"column":28}},"line":66},"9":{"name":"(anonymous_9)","decl":{"start":{"line":79,"column":19},"end":{"line":79,"column":20}},"loc":{"start":{"line":79,"column":28},"end":{"line":92,"column":15}},"line":79},"10":{"name":"(anonymous_10)","decl":{"start":{"line":82,"column":33},"end":{"line":82,"column":34}},"loc":{"start":{"line":82,"column":45},"end":{"line":89,"column":21}},"line":82}},"branchMap":{"0":{"loc":{"start":{"line":46,"column":31},"end":{"line":46,"column":55}},"type":"cond-expr","locations":[{"start":{"line":46,"column":51},"end":{"line":46,"column":52}},{"start":{"line":46,"column":53},"end":{"line":46,"column":55}}],"line":46},"1":{"loc":{"start":{"line":86,"column":27},"end":{"line":86,"column":103}},"type":"cond-expr","locations":[{"start":{"line":86,"column":50},"end":{"line":86,"column":95}},{"start":{"line":86,"column":98},"end":{"line":86,"column":103}}],"line":86}},"s":{"0":3,"1":3,"2":2,"3":2,"4":2,"5":2,"6":2,"7":2,"8":2,"9":2,"10":0,"11":0,"12":0,"13":2,"14":0,"15":2,"16":2,"17":0,"18":2,"19":0,"20":0,"21":2,"22":14,"23":0,"24":0,"25":0},"f":{"0":2,"1":2,"2":2,"3":0,"4":0,"5":0,"6":0,"7":0,"8":14,"9":0,"10":0},"b":{"0":[0,0],"1":[0,0]},"_coverageSchema":"1a1c01bbd47fc00a2c39e90264f33305004495a9","hash":"aa6345a97b72a88fc9a3bcb7dbee2813d34d53da"}
,"C:\\Users\\matth\\Documents\\Git repos\\Harvest\\frontend\\src\\components\\orgs-card.js": {"path":"C:\\Users\\matth\\Documents\\Git repos\\Harvest\\frontend\\src\\components\\orgs-card.js","statementMap":{"0":{"start":{"line":14,"column":17},"end":{"line":64,"column":1}},"1":{"start":{"line":16,"column":32},"end":{"line":16,"column":52}},"2":{"start":{"line":17,"column":43},"end":{"line":17,"column":63}},"3":{"start":{"line":18,"column":36},"end":{"line":18,"column":60}},"4":{"start":{"line":21,"column":2},"end":{"line":63,"column":4}}},"fnMap":{"0":{"name":"(anonymous_0)","decl":{"start":{"line":14,"column":17},"end":{"line":14,"column":18}},"loc":{"start":{"line":14,"column":26},"end":{"line":64,"column":1}},"line":14}},"branchMap":{"0":{"loc":{"start":{"line":26,"column":31},"end":{"line":26,"column":60}},"type":"cond-expr","locations":[{"start":{"line":26,"column":44},"end":{"line":26,"column":51}},{"start":{"line":26,"column":54},"end":{"line":26,"column":60}}],"line":26},"1":{"loc":{"start":{"line":29,"column":9},"end":{"line":29,"column":53}},"type":"cond-expr","locations":[{"start":{"line":29,"column":22},"end":{"line":29,"column":36}},{"start":{"line":29,"column":39},"end":{"line":29,"column":53}}],"line":29}},"s":{"0":3,"1":1,"2":1,"3":1,"4":1},"f":{"0":1},"b":{"0":[0,1],"1":[0,1]},"_coverageSchema":"1a1c01bbd47fc00a2c39e90264f33305004495a9","hash":"9c34ecf2145de8b3a7d342972ca94246a41f891e"}
,"C:\\Users\\matth\\Documents\\Git repos\\Harvest\\frontend\\src\\components\\orgs-list.js": {"path":"C:\\Users\\matth\\Documents\\Git repos\\Harvest\\frontend\\src\\components\\orgs-list.js","statementMap":{"0":{"start":{"line":8,"column":17},"end":{"line":46,"column":1}},"1":{"start":{"line":9,"column":28},"end":{"line":9,"column":40}},"2":{"start":{"line":13,"column":4},"end":{"line":15,"column":10}},"3":{"start":{"line":14,"column":8},"end":{"line":14,"column":23}},"4":{"start":{"line":16,"column":25},"end":{"line":25,"column":5}},"5":{"start":{"line":17,"column":8},"end":{"line":24,"column":15}},"6":{"start":{"line":19,"column":16},"end":{"line":19,"column":48}},"7":{"start":{"line":20,"column":16},"end":{"line":20,"column":44}},"8":{"start":{"line":23,"column":16},"end":{"line":23,"column":31}},"9":{"start":{"line":28,"column":4},"end":{"line":45,"column":5}},"10":{"start":{"line":37,"column":20},"end":{"line":41,"column":21}}},"fnMap":{"0":{"name":"(anonymous_0)","decl":{"start":{"line":8,"column":17},"end":{"line":8,"column":18}},"loc":{"start":{"line":8,"column":26},"end":{"line":46,"column":1}},"line":8},"1":{"name":"(anonymous_1)","decl":{"start":{"line":13,"column":20},"end":{"line":13,"column":21}},"loc":{"start":{"line":13,"column":26},"end":{"line":15,"column":5}},"line":13},"2":{"name":"(anonymous_2)","decl":{"start":{"line":16,"column":25},"end":{"line":16,"column":26}},"loc":{"start":{"line":16,"column":31},"end":{"line":25,"column":5}},"line":16},"3":{"name":"(anonymous_3)","decl":{"start":{"line":18,"column":18},"end":{"line":18,"column":19}},"loc":{"start":{"line":18,"column":30},"end":{"line":21,"column":13}},"line":18},"4":{"name":"(anonymous_4)","decl":{"start":{"line":22,"column":19},"end":{"line":22,"column":20}},"loc":{"start":{"line":22,"column":24},"end":{"line":24,"column":13}},"line":22},"5":{"name":"(anonymous_5)","decl":{"start":{"line":36,"column":26},"end":{"line":36,"column":27}},"loc":{"start":{"line":36,"column":35},"end":{"line":42,"column":17}},"line":36}},"branchMap":{},"s":{"0":2,"1":2,"2":2,"3":2,"4":2,"5":2,"6":0,"7":0,"8":0,"9":2,"10":0},"f":{"0":2,"1":2,"2":2,"3":0,"4":0,"5":0},"b":{},"_coverageSchema":"1a1c01bbd47fc00a2c39e90264f33305004495a9","hash":"898a1d12cad51ace970e0b27a7db8707d8e85c35"}
,"C:\\Users\\matth\\Documents\\Git repos\\Harvest\\frontend\\src\\components\\user-login.js": {"path":"C:\\Users\\matth\\Documents\\Git repos\\Harvest\\frontend\\src\\components\\user-login.js","statementMap":{"0":{"start":{"line":17,"column":14},"end":{"line":17,"column":27}},"1":{"start":{"line":22,"column":16},"end":{"line":25,"column":3}},"2":{"start":{"line":23,"column":4},"end":{"line":23,"column":21}},"3":{"start":{"line":24,"column":4},"end":{"line":24,"column":28}},"4":{"start":{"line":39,"column":2},"end":{"line":108,"column":4}}},"fnMap":{"0":{"name":"UserLogin","decl":{"start":{"line":19,"column":24},"end":{"line":19,"column":33}},"loc":{"start":{"line":19,"column":41},"end":{"line":109,"column":1}},"line":19},"1":{"name":"(anonymous_1)","decl":{"start":{"line":22,"column":16},"end":{"line":22,"column":17}},"loc":{"start":{"line":22,"column":26},"end":{"line":25,"column":3}},"line":22}},"branchMap":{},"s":{"0":2,"1":4,"2":0,"3":0,"4":4},"f":{"0":4,"1":0},"b":{},"_coverageSchema":"1a1c01bbd47fc00a2c39e90264f33305004495a9","hash":"c10f3a9d7abed245bc5cd6825b9684f4fb3f6fe5"}
}
