TN:
SF:src\components\graphs-list.js
FN:17,ShowGraphs
FN:46,(anonymous_1)
FN:51,applyFilter
FNF:3
FNH:1
FNDA:1,ShowGraphs
FNDA:0,(anonymous_1)
FNDA:0,applyFilter
DA:18,1
DA:19,1
DA:20,1
DA:46,1
DA:47,0
DA:52,0
DA:55,1
LF:7
LH:5
BRDA:57,0,0,1
BRDA:57,0,1,0
BRF:2
BRH:1
end_of_record
TN:
SF:src\components\logs-table.js
FN:23,(anonymous_0)
FN:34,(anonymous_1)
FN:37,(anonymous_2)
FN:41,(anonymous_3)
FN:47,(anonymous_4)
FN:68,(anonymous_5)
FN:82,(anonymous_6)
FNF:7
FNH:3
FNDA:1,(anonymous_0)
FNDA:1,(anonymous_1)
FNDA:0,(anonymous_2)
FNDA:0,(anonymous_3)
FNDA:0,(anonymous_4)
FNDA:7,(anonymous_5)
FNDA:0,(anonymous_6)
DA:12,2
DA:23,2
DA:24,1
DA:25,1
DA:26,1
DA:34,1
DA:35,1
DA:36,1
DA:38,0
DA:39,0
DA:42,0
DA:47,1
DA:48,1
DA:62,1
DA:69,7
LF:15
LH:12
BRDA:47,0,0,0
BRDA:47,0,1,0
BRF:2
BRH:0
end_of_record
TN:
SF:src\components\orgs-card.js
FN:14,(anonymous_0)
FNF:1
FNH:1
FNDA:1,(anonymous_0)
DA:14,3
DA:16,1
DA:17,1
DA:18,1
DA:21,1
LF:5
LH:5
BRDA:26,0,0,0
BRDA:26,0,1,1
BRDA:29,1,0,0
BRDA:29,1,1,1
BRF:4
BRH:2
end_of_record
TN:
SF:src\components\orgs-list.js
FN:8,(anonymous_0)
FN:13,(anonymous_1)
FN:16,(anonymous_2)
FN:18,(anonymous_3)
FN:22,(anonymous_4)
FN:36,(anonymous_5)
FNF:6
FNH:3
FNDA:2,(anonymous_0)
FNDA:2,(anonymous_1)
FNDA:2,(anonymous_2)
FNDA:0,(anonymous_3)
FNDA:0,(anonymous_4)
FNDA:0,(anonymous_5)
DA:8,2
DA:9,2
DA:13,2
DA:14,2
DA:16,2
DA:17,2
DA:19,0
DA:20,0
DA:23,0
DA:28,2
DA:37,0
LF:11
LH:7
BRF:0
BRH:0
end_of_record
TN:
SF:src\components\filters\filters.js
FN:1,getStartDate
FN:12,getEndDate
FN:23,filterByDate
FN:39,filterByFood
FN:53,filterByType
FN:67,filterByCategory
FNF:6
FNH:6
FNDA:3,getStartDate
FNDA:3,getEndDate
FNDA:3,filterByDate
FNDA:3,filterByFood
FNDA:3,filterByType
FNDA:3,filterByCategory
DA:2,3
DA:3,1
DA:6,2
DA:7,2
DA:9,2
DA:13,3
DA:14,1
DA:17,2
DA:18,2
DA:20,2
DA:24,3
DA:25,3
DA:26,3
DA:28,3
DA:29,9
DA:30,9
DA:32,9
DA:33,7
DA:36,3
DA:40,3
DA:42,3
DA:43,9
DA:44,9
DA:45,9
DA:46,3
DA:50,3
DA:54,3
DA:56,3
DA:57,9
DA:58,9
DA:59,9
DA:60,3
DA:64,3
DA:68,3
DA:70,3
DA:71,9
DA:72,9
DA:73,9
DA:74,3
DA:78,3
LF:40
LH:40
BRDA:2,0,0,1
BRDA:2,0,1,2
BRDA:13,1,0,1
BRDA:13,1,1,2
BRDA:32,2,0,7
BRDA:32,2,1,2
BRDA:32,3,0,9
BRDA:32,3,1,9
BRDA:45,4,0,3
BRDA:45,4,1,6
BRDA:59,5,0,3
BRDA:59,5,1,6
BRDA:73,6,0,3
BRDA:73,6,1,6
BRF:14
BRH:14
end_of_record
